<?xml version="1.0" encoding="UTF-8"?>
<!-- Generated by org.testng.reporters.JUnitReportReporter -->
<testsuite hostname="aakash-desktop" name="iitbombayX.registrationPage.content_test" tests="1" failures="0" timestamp="9 Apr 2015 07:05:26 GMT" time="5.193" errors="0">
  <testcase name="RegistrationPageContent" time="5.193" classname="iitbombayX.registrationPage.content_test"/>
</testsuite> <!-- iitbombayX.registrationPage.content_test -->
