<?xml version="1.0" encoding="UTF-8"?>
<!-- Generated by org.testng.reporters.JUnitReportReporter -->
<testsuite hostname="ada2-PC" name="HomeToFAQ_page_test.faq_On_FaqPage" tests="1" failures="0" timestamp="2 Jul 2015 04:36:17 GMT" time="8.349" errors="0">
  <testcase name="faqOf_FaqPage" time="8.349" classname="HomeToFAQ_page_test.faq_On_FaqPage"/>
</testsuite> <!-- HomeToFAQ_page_test.faq_On_FaqPage -->
