<?xml version="1.0" encoding="UTF-8"?>
<!-- Generated by org.testng.reporters.JUnitReportReporter -->
<testsuite hostname="ada2-PC" name="HomeToFAQ_page_test.FAQpage_header_Navlinks_test" tests="1" failures="0" timestamp="2 Jul 2015 04:36:17 GMT" time="20.390" errors="0">
  <testcase name="testHomeToFaqHeadernavLink" time="20.390" classname="HomeToFAQ_page_test.FAQpage_header_Navlinks_test"/>
</testsuite> <!-- HomeToFAQ_page_test.FAQpage_header_Navlinks_test -->
