<?xml version="1.0" encoding="UTF-8"?>
<!-- Generated by org.testng.reporters.JUnitReportReporter -->
<testsuite hostname="iitb-desktop" name="HomeToFAQ_page_test.faq_LEARNERS_content_page" tests="1" failures="0" timestamp="8 Jun 2015 23:38:00 GMT" time="5.390" errors="0">
  <testcase name="FAQ_content_page" time="5.390" classname="HomeToFAQ_page_test.faq_LEARNERS_content_page"/>
</testsuite> <!-- HomeToFAQ_page_test.faq_LEARNERS_content_page -->
