<?xml version="1.0" encoding="UTF-8"?>
<!-- Generated by org.testng.reporters.JUnitReportReporter -->
<testsuite hostname="ada2-PC" name="iitbombayX.registrationPage.content_test" tests="1" failures="0" timestamp="2 Jul 2015 04:36:17 GMT" time="9.257" errors="0">
  <testcase name="RegistrationPageContent" time="9.257" classname="iitbombayX.registrationPage.content_test"/>
</testsuite> <!-- iitbombayX.registrationPage.content_test -->
