<?xml version="1.0" encoding="UTF-8"?>
<!-- Generated by org.testng.reporters.JUnitReportReporter -->
<testsuite hostname="iitb-desktop" name="iitbombayX_homePage_test.home_content_font" tests="1" failures="0" timestamp="8 Jun 2015 23:38:00 GMT" time="3.920" errors="0">
  <testcase name="check_content" time="3.920" classname="iitbombayX_homePage_test.home_content_font"/>
</testsuite> <!-- iitbombayX_homePage_test.home_content_font -->
