<?xml version="1.0" encoding="UTF-8"?>
<!-- Generated by org.testng.reporters.JUnitReportReporter -->
<testsuite hostname="ada2-PC" name="iitbombayX.loginPage.testLoginPage" tests="1" failures="0" timestamp="2 Jul 2015 04:36:17 GMT" time="12.480" errors="0">
  <testcase name="testLoginPage" time="12.480" classname="iitbombayX.loginPage.testLoginPage"/>
</testsuite> <!-- iitbombayX.loginPage.testLoginPage -->
