<?xml version="1.0" encoding="UTF-8"?>
<!-- Generated by org.testng.reporters.JUnitReportReporter -->
<testsuite hostname="ada2-PC" name="iitbombayX_homePage_test.home_footer_nav_link" tests="1" failures="0" timestamp="2 Jul 2015 04:36:17 GMT" time="14.372" errors="0">
  <testcase name="testHomeFooterNav" time="14.372" classname="iitbombayX_homePage_test.home_footer_nav_link"/>
</testsuite> <!-- iitbombayX_homePage_test.home_footer_nav_link -->
