<?xml version="1.0" encoding="UTF-8"?>
<!-- Generated by org.testng.reporters.JUnitReportReporter -->
<testsuite hostname="aakash-desktop" name="iitbombayX_homePage_test.homePage_text" tests="1" failures="0" timestamp="9 Apr 2015 07:05:26 GMT" time="5.082" errors="0">
  <testcase name="text_onPage" time="5.082" classname="iitbombayX_homePage_test.homePage_text"/>
</testsuite> <!-- iitbombayX_homePage_test.homePage_text -->
