<?xml version="1.0" encoding="UTF-8"?>
<!-- Generated by org.testng.reporters.JUnitReportReporter -->
<testsuite hostname="iitb-desktop" name="HomeToFAQ_page_test.faq_On_FaqPage" tests="1" failures="0" timestamp="8 Jun 2015 23:38:00 GMT" time="4.143" errors="0">
  <testcase name="faqOf_FaqPage" time="4.143" classname="HomeToFAQ_page_test.faq_On_FaqPage"/>
</testsuite> <!-- HomeToFAQ_page_test.faq_On_FaqPage -->
