<?xml version="1.0" encoding="UTF-8"?>
<!-- Generated by org.testng.reporters.JUnitReportReporter -->
<testsuite hostname="ada2-PC" name="iitbombayX_homePage_test.home_content_font" tests="1" failures="0" timestamp="2 Jul 2015 04:36:17 GMT" time="9.213" errors="0">
  <testcase name="check_content" time="9.213" classname="iitbombayX_homePage_test.home_content_font"/>
</testsuite> <!-- iitbombayX_homePage_test.home_content_font -->
