<?xml version="1.0" encoding="UTF-8"?>
<!-- Generated by org.testng.reporters.JUnitReportReporter -->
<testsuite hostname="iitb-desktop" name="iitbombayX.courseStructure.TS04_TC03" tests="1" failures="0" timestamp="24 Jun 2015 16:46:59 GMT" time="14.574" errors="0">
  <testcase name="findCourses" time="14.574" classname="iitbombayX.courseStructure.TS04_TC03"/>
</testsuite> <!-- iitbombayX.courseStructure.TS04_TC03 -->
