<?xml version="1.0" encoding="UTF-8"?>
<!-- Generated by org.testng.reporters.JUnitReportReporter -->
<testsuite hostname="aakash-desktop" name="iitbombayX_homePage_test.Homepage_header_Navlinks_test" tests="1" failures="0" timestamp="9 Apr 2015 07:05:26 GMT" time="24.039" errors="0">
  <testcase name="testHomePage" time="24.039" classname="iitbombayX_homePage_test.Homepage_header_Navlinks_test"/>
</testsuite> <!-- iitbombayX_homePage_test.Homepage_header_Navlinks_test -->
