<?xml version="1.0" encoding="UTF-8"?>
<!-- Generated by org.testng.reporters.JUnitReportReporter -->
<testsuite hostname="iitb-desktop" name="HomeToFAQ_page_test.faqLeft_Panel_navLink_test" tests="1" failures="0" timestamp="8 Jun 2015 23:38:00 GMT" time="7.801" errors="0">
  <testcase name="testFAQLeftPanel" time="7.801" classname="HomeToFAQ_page_test.faqLeft_Panel_navLink_test"/>
</testsuite> <!-- HomeToFAQ_page_test.faqLeft_Panel_navLink_test -->
