<?xml version="1.0" encoding="UTF-8"?>
<!-- Generated by org.testng.reporters.JUnitReportReporter -->
<testsuite hostname="ada2-PC" name="iitbombayX_homePage_test.Homepage_header_Navlinks_test" tests="1" failures="0" timestamp="2 Jul 2015 04:36:17 GMT" time="27.843" errors="0">
  <testcase name="testHomePage" time="27.843" classname="iitbombayX_homePage_test.Homepage_header_Navlinks_test"/>
</testsuite> <!-- iitbombayX_homePage_test.Homepage_header_Navlinks_test -->
