<?xml version="1.0" encoding="UTF-8"?>
<!-- Generated by org.testng.reporters.JUnitReportReporter -->
<testsuite hostname="iitb-desktop" name="iitbombayX.TS05.TS06_TC02" tests="1" failures="0" timestamp="24 Jun 2015 19:01:45 GMT" time="15.734" errors="0">
  <testcase name="viewLect_transcript" time="15.734" classname="iitbombayX.TS05.TS06_TC02"/>
</testsuite> <!-- iitbombayX.TS05.TS06_TC02 -->
