<?xml version="1.0" encoding="UTF-8"?>
<!-- Generated by org.testng.reporters.JUnitReportReporter -->
<testsuite hostname="iitb-desktop" name="iitbombayX_homePage_test.homePage_text" tests="1" failures="0" timestamp="8 Jun 2015 23:38:00 GMT" time="4.293" errors="0">
  <testcase name="text_onPage" time="4.293" classname="iitbombayX_homePage_test.homePage_text"/>
</testsuite> <!-- iitbombayX_homePage_test.homePage_text -->
