<?xml version="1.0" encoding="UTF-8"?>
<!-- Generated by org.testng.reporters.JUnitReportReporter -->
<testsuite hostname="aakash-desktop" name="iitbombayX_homePage_test.home_footer_nav_link" tests="1" failures="0" timestamp="9 Apr 2015 07:05:26 GMT" time="13.701" errors="0">
  <testcase name="testHomeFooterNav" time="13.701" classname="iitbombayX_homePage_test.home_footer_nav_link"/>
</testsuite> <!-- iitbombayX_homePage_test.home_footer_nav_link -->
