<?xml version="1.0" encoding="UTF-8"?>
<!-- Generated by org.testng.reporters.JUnitReportReporter -->
<testsuite hostname="ada2-PC" name="iitbombayX.registrationPage.registrationPage_header_link" tests="1" failures="0" timestamp="2 Jul 2015 04:36:17 GMT" time="18.876" errors="0">
  <testcase name="registration_header_nav" time="18.876" classname="iitbombayX.registrationPage.registrationPage_header_link"/>
</testsuite> <!-- iitbombayX.registrationPage.registrationPage_header_link -->
