<?xml version="1.0" encoding="UTF-8"?>
<!-- Generated by org.testng.reporters.JUnitReportReporter -->
<testsuite hostname="iitb-desktop" name="iitbombayX.loginPage.testLoginPage" tests="1" failures="0" timestamp="8 Jun 2015 23:38:00 GMT" time="6.225" errors="0">
  <testcase name="testLoginPage" time="6.225" classname="iitbombayX.loginPage.testLoginPage"/>
</testsuite> <!-- iitbombayX.loginPage.testLoginPage -->
