<?xml version="1.0" encoding="UTF-8"?>
<!-- Generated by org.testng.reporters.JUnitReportReporter -->
<testsuite hostname="aakash-desktop" name="iitbombayX.registrationPage.abc" tests="1" failures="0" timestamp="8 Apr 2015 11:13:24 GMT" time="14.646" errors="0">
  <testcase name="registration_header_nav" time="14.646" classname="iitbombayX.registrationPage.abc"/>
</testsuite> <!-- iitbombayX.registrationPage.abc -->
