<?xml version="1.0" encoding="UTF-8"?>
<!-- Generated by org.testng.reporters.JUnitReportReporter -->
<testsuite hostname="ada2-PC" name="iitbombayX.TS04.TS04_TC02" tests="1" failures="0" timestamp="2 Jul 2015 04:36:17 GMT" time="12.166" errors="0">
  <testcase name="logout_fromAccount" time="12.166" classname="iitbombayX.TS04.TS04_TC02"/>
</testsuite> <!-- iitbombayX.TS04.TS04_TC02 -->
