<?xml version="1.0" encoding="UTF-8"?>
<!-- Generated by org.testng.reporters.JUnitReportReporter -->
<testsuite hostname="aakash-desktop" name="iitbombayX_homePage_test.home_content_font" tests="1" failures="0" timestamp="9 Apr 2015 07:05:26 GMT" time="4.761" errors="0">
  <testcase name="check_content" time="4.761" classname="iitbombayX_homePage_test.home_content_font"/>
</testsuite> <!-- iitbombayX_homePage_test.home_content_font -->
