<?xml version="1.0" encoding="UTF-8"?>
<!-- Generated by org.testng.reporters.JUnitReportReporter -->
<testsuite hostname="iitb-desktop" name="iitbombayX.courseStructure.test" tests="1" failures="0" timestamp="18 Jun 2015 16:36:43 GMT" time="7.056" errors="0">
  <testcase name="test1" time="7.056" classname="iitbombayX.courseStructure.test"/>
</testsuite> <!-- iitbombayX.courseStructure.test -->
