<?xml version="1.0" encoding="UTF-8"?>
<!-- Generated by org.testng.reporters.JUnitReportReporter -->
<testsuite hostname="iitb-desktop" name="iitbombayX.registrationPage.registrationPage_header_link" tests="1" failures="0" timestamp="8 Jun 2015 23:38:00 GMT" time="9.621" errors="0">
  <testcase name="registration_header_nav" time="9.621" classname="iitbombayX.registrationPage.registrationPage_header_link"/>
</testsuite> <!-- iitbombayX.registrationPage.registrationPage_header_link -->
