<?xml version="1.0" encoding="UTF-8"?>
<!-- Generated by org.testng.reporters.JUnitReportReporter -->
<testsuite hostname="iitb-desktop" name="iitbombayX_homePage_test.home_footer_nav_link" tests="1" failures="0" timestamp="8 Jun 2015 23:38:00 GMT" time="8.677" errors="0">
  <testcase name="testHomeFooterNav" time="8.677" classname="iitbombayX_homePage_test.home_footer_nav_link"/>
</testsuite> <!-- iitbombayX_homePage_test.home_footer_nav_link -->
