<?xml version="1.0" encoding="UTF-8"?>
<!-- Generated by org.testng.reporters.JUnitReportReporter -->
<testsuite hostname="iitb-desktop" name="iitbombayX.registrationPage.content_test" tests="1" failures="0" timestamp="8 Jun 2015 23:38:00 GMT" time="4.305" errors="0">
  <testcase name="RegistrationPageContent" time="4.305" classname="iitbombayX.registrationPage.content_test"/>
</testsuite> <!-- iitbombayX.registrationPage.content_test -->
