<?xml version="1.0" encoding="UTF-8"?>
<!-- Generated by org.testng.reporters.JUnitReportReporter -->
<testsuite hostname="ada2-PC" name="iitbombayX_homePage_test.homePage_text" tests="1" failures="0" timestamp="2 Jul 2015 04:36:17 GMT" time="9.158" errors="0">
  <testcase name="text_onPage" time="9.158" classname="iitbombayX_homePage_test.homePage_text"/>
</testsuite> <!-- iitbombayX_homePage_test.homePage_text -->
