<?xml version="1.0" encoding="UTF-8"?>
<!-- Generated by org.testng.reporters.JUnitReportReporter -->
<testsuite hostname="iitb-desktop" name="HomeToFAQ_page_test.homeToFAQ_footer_nav_link" tests="1" failures="0" timestamp="8 Jun 2015 23:38:00 GMT" time="7.202" errors="0">
  <testcase name="testFAQFooter" time="7.202" classname="HomeToFAQ_page_test.homeToFAQ_footer_nav_link"/>
</testsuite> <!-- HomeToFAQ_page_test.homeToFAQ_footer_nav_link -->
