<?xml version="1.0" encoding="UTF-8"?>
<!-- Generated by org.testng.reporters.JUnitReportReporter -->
<testsuite hostname="iitb-desktop" name="iitbombayX_homePage_test.Homepage_header_Navlinks_test" tests="1" failures="0" timestamp="8 Jun 2015 23:38:00 GMT" time="16.374" errors="0">
  <testcase name="testHomePage" time="16.374" classname="iitbombayX_homePage_test.Homepage_header_Navlinks_test"/>
</testsuite> <!-- iitbombayX_homePage_test.Homepage_header_Navlinks_test -->
