<?xml version="1.0" encoding="UTF-8"?>
<!-- Generated by org.testng.reporters.JUnitReportReporter -->
<testsuite hostname="ada2-PC" name="HomeToFAQ_page_test.homeToFAQ_footer_nav_link" tests="1" failures="0" timestamp="2 Jul 2015 04:36:17 GMT" time="12.411" errors="0">
  <testcase name="testFAQFooter" time="12.411" classname="HomeToFAQ_page_test.homeToFAQ_footer_nav_link"/>
</testsuite> <!-- HomeToFAQ_page_test.homeToFAQ_footer_nav_link -->
