<?xml version="1.0" encoding="UTF-8"?>
<!-- Generated by org.testng.reporters.JUnitReportReporter -->
<testsuite hostname="aakash-desktop" name="iitbombayX.liginPage.Login_swayam" tests="1" failures="0" timestamp="8 Apr 2015 11:17:06 GMT" time="8.455" errors="0">
  <testcase name="testLoginSwayam" time="8.455" classname="iitbombayX.liginPage.Login_swayam"/>
</testsuite> <!-- iitbombayX.liginPage.Login_swayam -->
