<?xml version="1.0" encoding="UTF-8"?>
<!-- Generated by org.testng.reporters.JUnitReportReporter -->
<testsuite hostname="aakash-desktop" name="iitbombayX.registrationPage.registrationPage_header_link" tests="1" failures="0" timestamp="9 Apr 2015 07:05:26 GMT" time="14.838" errors="0">
  <testcase name="registration_header_nav" time="14.838" classname="iitbombayX.registrationPage.registrationPage_header_link"/>
</testsuite> <!-- iitbombayX.registrationPage.registrationPage_header_link -->
