<?xml version="1.0" encoding="UTF-8"?>
<!-- Generated by org.testng.reporters.JUnitReportReporter -->
<testsuite hostname="iitb-desktop" name="HomeToFAQ_page_test.FAQpage_header_Navlinks_test" tests="1" failures="0" timestamp="8 Jun 2015 23:38:00 GMT" time="10.379" errors="0">
  <testcase name="testHomeToFaqHeadernavLink" time="10.379" classname="HomeToFAQ_page_test.FAQpage_header_Navlinks_test"/>
</testsuite> <!-- HomeToFAQ_page_test.FAQpage_header_Navlinks_test -->
