<?xml version="1.0" encoding="UTF-8"?>
<!-- Generated by org.testng.reporters.JUnitReportReporter -->
<testsuite hostname="aakash-desktop" name="iitbombayX.loginPage.testLoginPage" tests="1" failures="0" timestamp="9 Apr 2015 07:05:26 GMT" time="7.476" errors="0">
  <testcase name="testLoginPage" time="7.476" classname="iitbombayX.loginPage.testLoginPage"/>
</testsuite> <!-- iitbombayX.loginPage.testLoginPage -->
