<?xml version="1.0" encoding="UTF-8"?>
<!-- Generated by org.testng.reporters.JUnitReportReporter -->
<testsuite hostname="ada2-PC" name="iitbombayX.loginPage.ForgotPassword" tests="1" failures="0" timestamp="2 Jul 2015 04:36:17 GMT" time="27.011" errors="0">
  <testcase name="testResetPassword" time="27.011" classname="iitbombayX.loginPage.ForgotPassword"/>
</testsuite> <!-- iitbombayX.loginPage.ForgotPassword -->
