<?xml version="1.0" encoding="UTF-8"?>
<!-- Generated by org.testng.reporters.JUnitReportReporter -->
<testsuite hostname="iitb-desktop" name="iitbombayX.courseStructure.TS04_TC02" tests="1" failures="0" timestamp="24 Jun 2015 14:55:04 GMT" time="9.216" errors="0">
  <testcase name="logout_fromAccount" time="9.216" classname="iitbombayX.courseStructure.TS04_TC02"/>
</testsuite> <!-- iitbombayX.courseStructure.TS04_TC02 -->
