<?xml version="1.0" encoding="UTF-8"?>
<!-- Generated by org.testng.reporters.JUnitReportReporter -->
<testsuite hostname="ada2-PC" name="HomeToFAQ_page_test.faq_LEARNERS_content_page" tests="1" failures="0" timestamp="2 Jul 2015 04:36:17 GMT" time="11.220" errors="0">
  <testcase name="FAQ_content_page" time="11.220" classname="HomeToFAQ_page_test.faq_LEARNERS_content_page"/>
</testsuite> <!-- HomeToFAQ_page_test.faq_LEARNERS_content_page -->
